2025-09-04 16:24:27:2427 [31merror[39m: [31mError occurred: Include unexpected. Element has to be either a Model, an Association or an object.[39m
2025-09-04 16:26:09:269 [31merror[39m: [31mError occurred: Include unexpected. Element has to be either a Model, an Association or an object.[39m
2025-09-04 16:26:09:269 [31merror[39m: [31mError occurred: Include unexpected. Element has to be either a Model, an Association or an object.[39m
2025-09-04 16:27:39:2739 [31merror[39m: [31mError occurred: Include unexpected. Element has to be either a Model, an Association or an object.[39m
2025-09-04 16:30:44:3044 [31merror[39m: [31mError occurred: Unknown column 'role.role_id' in 'field list'[39m
2025-09-04 17:51:15:5115 [31merror[39m: [31mError occurred: Invalid username or password.[39m
2025-09-04 17:51:38:5138 [31merror[39m: [31mError occurred: Invalid username or password.[39m
2025-09-04 17:52:49:5249 [31merror[39m: [31mError occurred: Invalid username or password.[39m
2025-09-04 17:53:14:5314 [31merror[39m: [31mError occurred: Invalid username or password.[39m
2025-09-04 18:01:22:122 [31merror[39m: [31mError occurred: Cannot read properties of undefined (reading 'role_id')[39m
2025-09-04 19:05:30:530 [31merror[39m: [31mError occurred: connect ETIMEDOUT 18.138.101.173:3306[39m
2025-09-09 09:27:51:2751 [31merror[39m: [31mError occurred: Access Denied: Invalid Token[39m
2025-09-09 09:28:28:2828 [31merror[39m: [31mError occurred: Access Denied: Invalid Token[39m
2025-09-09 13:56:55:5655 [31merror[39m: [31mError occurred: Access Denied: Invalid Token[39m
2025-09-09 15:02:52:252 [31merror[39m: [31mError occurred: Access Denied: Invalid Token[39m
2025-09-09 16:16:13:1613 [31merror[39m: [31mError occurred: Access Denied: Invalid Token[39m
2025-09-09 16:24:34:2434 [31merror[39m: [31mError occurred: Access Denied: Invalid Token[39m
2025-09-10 15:26:24:2624 [31merror[39m: [31mError occurred: Access Denied: Invalid Token[39m
2025-09-10 15:26:43:2643 [31merror[39m: [31mError occurred: Invalid username or password.[39m
2025-09-10 15:26:52:2652 [31merror[39m: [31mError occurred: Invalid username or password.[39m
2025-09-10 16:42:44:4244 [31merror[39m: [31mError occurred: Access Denied: Invalid Token[39m
2025-09-10 16:45:12:4512 [31merror[39m: [31mError occurred: Access Denied: Invalid Token[39m
2025-09-10 16:46:14:4614 [31merror[39m: [31mError occurred: Access Denied: Invalid Token[39m
2025-09-10 16:46:44:4644 [31merror[39m: [31mError occurred: Access Denied: Invalid Token[39m
2025-09-10 17:19:26:1926 [31merror[39m: [31mError occurred: Cannot read properties of undefined (reading 'findAll')[39m
2025-09-10 17:44:15:4415 [31merror[39m: [31mError occurred: Cannot read properties of undefined (reading 'findAll')[39m
2025-09-10 18:37:36:3736 [31merror[39m: [31mError occurred: Access Denied: Invalid Token[39m
2025-09-10 18:40:27:4027 [31merror[39m: [31mError occurred: Access Denied: Invalid Token[39m
2025-09-10 18:40:30:4030 [31merror[39m: [31mError occurred: Access Denied: Invalid Token[39m
2025-09-10 18:40:30:4030 [31merror[39m: [31mError occurred: Access Denied: Invalid Token[39m
2025-09-10 18:40:30:4030 [31merror[39m: [31mError occurred: Access Denied: Invalid Token[39m
2025-09-10 18:40:36:4036 [31merror[39m: [31mError occurred: Include unexpected. Element has to be either a Model, an Association or an object.[39m
2025-09-10 18:40:38:4038 [31merror[39m: [31mError occurred: Include unexpected. Element has to be either a Model, an Association or an object.[39m
2025-09-10 18:42:01:421 [31merror[39m: [31mError occurred: Include unexpected. Element has to be either a Model, an Association or an object.[39m
2025-09-11 15:22:24:2224 [31merror[39m: [31mError occurred: Access Denied: Invalid Token[39m
2025-09-11 15:22:24:2224 [31merror[39m: [31mError occurred: Access Denied: Invalid Token[39m
2025-09-11 15:22:24:2224 [31merror[39m: [31mError occurred: Access Denied: Invalid Token[39m
2025-09-11 15:22:24:2224 [31merror[39m: [31mError occurred: Access Denied: Invalid Token[39m
2025-09-11 15:46:15:4615 [31merror[39m: [31mError occurred: [[39m
[31m  {[39m
[31m    "expected": "number",[39m
[31m    "code": "invalid_type",[39m
[31m    "path": [[39m
[31m      "page"[39m
[31m    ],[39m
[31m    "message": "Invalid input: expected number, received string"[39m
[31m  },[39m
[31m  {[39m
[31m    "expected": "number",[39m
[31m    "code": "invalid_type",[39m
[31m    "path": [[39m
[31m      "totalPage"[39m
[31m    ],[39m
[31m    "message": "Invalid input: expected number, received undefined"[39m
[31m  }[39m
[31m][39m
2025-09-11 15:49:45:4945 [31merror[39m: [31mError occurred: [[39m
[31m  {[39m
[31m    "expected": "string",[39m
[31m    "code": "invalid_type",[39m
[31m    "path": [[39m
[31m      "totalPage"[39m
[31m    ],[39m
[31m    "message": "Invalid input: expected string, received undefined"[39m
[31m  }[39m
[31m][39m
2025-09-11 15:51:15:5115 [31merror[39m: [31mError occurred: [[39m
[31m  {[39m
[31m    "expected": "string",[39m
[31m    "code": "invalid_type",[39m
[31m    "path": [[39m
[31m      "totalPage"[39m
[31m    ],[39m
[31m    "message": "Invalid input: expected string, received undefined"[39m
[31m  }[39m
[31m][39m
2025-09-11 15:51:23:5123 [31merror[39m: [31mError occurred: [[39m
[31m  {[39m
[31m    "expected": "string",[39m
[31m    "code": "invalid_type",[39m
[31m    "path": [[39m
[31m      "totalPage"[39m
[31m    ],[39m
[31m    "message": "Invalid input: expected string, received undefined"[39m
[31m  }[39m
[31m][39m
2025-09-11 15:51:49:5149 [31merror[39m: [31mError occurred: [[39m
[31m  {[39m
[31m    "expected": "string",[39m
[31m    "code": "invalid_type",[39m
[31m    "path": [[39m
[31m      "limit"[39m
[31m    ],[39m
[31m    "message": "Invalid input: expected string, received undefined"[39m
[31m  }[39m
[31m][39m
2025-09-11 15:52:05:525 [31merror[39m: [31mError occurred: [[39m
[31m  {[39m
[31m    "expected": "string",[39m
[31m    "code": "invalid_type",[39m
[31m    "path": [[39m
[31m      "limit"[39m
[31m    ],[39m
[31m    "message": "Invalid input: expected string, received undefined"[39m
[31m  }[39m
[31m][39m
2025-09-11 15:52:16:5216 [31merror[39m: [31mError occurred: [[39m
[31m  {[39m
[31m    "expected": "string",[39m
[31m    "code": "invalid_type",[39m
[31m    "path": [[39m
[31m      "limit"[39m
[31m    ],[39m
[31m    "message": "Invalid input: expected string, received undefined"[39m
[31m  }[39m
[31m][39m
2025-09-11 15:52:18:5218 [31merror[39m: [31mError occurred: [[39m
[31m  {[39m
[31m    "expected": "string",[39m
[31m    "code": "invalid_type",[39m
[31m    "path": [[39m
[31m      "limit"[39m
[31m    ],[39m
[31m    "message": "Invalid input: expected string, received undefined"[39m
[31m  }[39m
[31m][39m
2025-09-11 16:51:19:5119 [31merror[39m: [31mError occurred: Access Denied: Invalid Token[39m
2025-09-11 16:51:19:5119 [31merror[39m: [31mError occurred: Access Denied: Invalid Token[39m
2025-09-11 16:51:19:5119 [31merror[39m: [31mError occurred: Access Denied: Invalid Token[39m
2025-09-11 16:51:19:5119 [31merror[39m: [31mError occurred: Access Denied: Invalid Token[39m
2025-09-11 16:51:19:5119 [31merror[39m: [31mError occurred: Access Denied: Invalid Token[39m
2025-09-11 17:56:30:5630 [31merror[39m: [31mError occurred: Access Denied: Invalid Token[39m
2025-09-11 17:56:30:5630 [31merror[39m: [31mError occurred: Access Denied: Invalid Token[39m
2025-09-11 17:56:30:5630 [31merror[39m: [31mError occurred: Access Denied: Invalid Token[39m
2025-09-11 17:56:30:5630 [31merror[39m: [31mError occurred: Access Denied: Invalid Token[39m
2025-09-11 17:56:30:5630 [31merror[39m: [31mError occurred: Access Denied: Invalid Token[39m
2025-09-11 18:08:53:853 [31merror[39m: [31mError occurred: WHERE parameter "location" has invalid "undefined" value[39m
2025-09-11 18:09:17:917 [31merror[39m: [31mError occurred: WHERE parameter "location" has invalid "undefined" value[39m
2025-09-11 18:09:31:931 [31merror[39m: [31mError occurred: Unknown column 'booking_request_hdr_tbl.delivery_date_from' in 'where clause'[39m
2025-09-11 18:11:11:1111 [31merror[39m: [31mError occurred: The client is closed[39m
2025-09-11 18:11:11:1111 [31merror[39m: [31mError occurred: The client is closed[39m
2025-09-11 18:11:11:1111 [31merror[39m: [31mError occurred: The client is closed[39m
2025-09-11 18:11:11:1111 [31merror[39m: [31mError occurred: The client is closed[39m
2025-09-11 18:11:11:1111 [31merror[39m: [31mError occurred: The client is closed[39m
2025-09-11 18:11:52:1152 [31merror[39m: [31mError occurred: Unknown column 'booking_request_hdr_tbl.location' in 'where clause'[39m
2025-09-12 12:30:06:306 [31merror[39m: [31mError occurred: Access Denied: Invalid Token[39m
2025-09-12 12:30:06:306 [31merror[39m: [31mError occurred: Access Denied: Invalid Token[39m
2025-09-12 12:30:06:306 [31merror[39m: [31mError occurred: Access Denied: Invalid Token[39m
2025-09-12 12:30:06:306 [31merror[39m: [31mError occurred: Access Denied: Invalid Token[39m
2025-09-12 12:30:06:306 [31merror[39m: [31mError occurred: Access Denied: Invalid Token[39m
2025-09-12 13:39:00:390 [31merror[39m: [31mError occurred: Access Denied: Invalid Token[39m
2025-09-12 14:30:52:3052 [31merror[39m: [31mError occurred: location is not defined[39m
2025-09-12 14:31:47:3147 [31merror[39m: [31mError occurred: location is not defined[39m
2025-09-12 15:55:05:555 [31merror[39m: [31mError occurred: Access Denied: Invalid Token[39m
2025-09-12 15:55:05:555 [31merror[39m: [31mError occurred: Access Denied: Invalid Token[39m
2025-09-12 16:56:13:5613 [31merror[39m: [31mError occurred: Access Denied: Invalid Token[39m
2025-09-12 16:56:13:5613 [31merror[39m: [31mError occurred: Access Denied: Invalid Token[39m
2025-09-12 16:56:13:5613 [31merror[39m: [31mError occurred: Access Denied: Invalid Token[39m
2025-09-12 16:56:33:5633 [31merror[39m: [31mError occurred: Unknown column 'sorting_tbl.assigned' in 'where clause'[39m
2025-09-15 15:06:07:67 [31merror[39m: [31mError occurred: Access Denied: Invalid Token[39m
2025-09-15 15:06:07:67 [31merror[39m: [31mError occurred: Access Denied: Invalid Token[39m
2025-09-15 15:06:07:67 [31merror[39m: [31mError occurred: Access Denied: Invalid Token[39m
2025-09-15 15:06:07:67 [31merror[39m: [31mError occurred: Access Denied: Invalid Token[39m
2025-09-15 15:06:07:67 [31merror[39m: [31mError occurred: Access Denied: Invalid Token[39m
2025-09-15 16:53:35:5335 [31merror[39m: [31mError occurred: Access Denied: Invalid Token[39m
2025-09-15 16:53:35:5335 [31merror[39m: [31mError occurred: Access Denied: Invalid Token[39m
2025-09-15 16:53:35:5335 [31merror[39m: [31mError occurred: Access Denied: Invalid Token[39m
2025-09-15 16:53:35:5335 [31merror[39m: [31mError occurred: Access Denied: Invalid Token[39m
2025-09-15 18:13:27:1327 [31merror[39m: [31mError occurred: Access Denied: Invalid Token[39m
2025-09-15 18:13:27:1327 [31merror[39m: [31mError occurred: Access Denied: Invalid Token[39m
2025-09-15 18:13:27:1327 [31merror[39m: [31mError occurred: Access Denied: Invalid Token[39m
2025-09-15 18:13:27:1327 [31merror[39m: [31mError occurred: Access Denied: Invalid Token[39m
2025-09-16 09:33:00:330 [31merror[39m: [31mError occurred: Access Denied: Invalid Token[39m
2025-09-16 10:34:27:3427 [31merror[39m: [31mError occurred: Access Denied: Invalid Token[39m
2025-09-16 10:34:28:3428 [31merror[39m: [31mError occurred: Access Denied: Invalid Token[39m
2025-09-16 10:34:28:3428 [31merror[39m: [31mError occurred: Access Denied: Invalid Token[39m
2025-09-16 10:34:28:3428 [31merror[39m: [31mError occurred: Access Denied: Invalid Token[39m
2025-09-16 10:34:28:3428 [31merror[39m: [31mError occurred: Access Denied: Invalid Token[39m
2025-09-16 10:34:28:3428 [31merror[39m: [31mError occurred: Access Denied: Invalid Token[39m
2025-09-16 10:34:28:3428 [31merror[39m: [31mError occurred: Access Denied: Invalid Token[39m
2025-09-16 10:34:28:3428 [31merror[39m: [31mError occurred: Access Denied: Invalid Token[39m
2025-09-16 10:34:28:3428 [31merror[39m: [31mError occurred: Access Denied: Invalid Token[39m
2025-09-16 10:34:28:3428 [31merror[39m: [31mError occurred: Access Denied: Invalid Token[39m
2025-09-16 10:35:48:3548 [31merror[39m: [31mError occurred: Access Denied: Invalid Token[39m
2025-09-16 10:35:48:3548 [31merror[39m: [31mError occurred: Access Denied: Invalid Token[39m
2025-09-16 10:35:48:3548 [31merror[39m: [31mError occurred: Access Denied: Invalid Token[39m
2025-09-16 10:35:48:3548 [31merror[39m: [31mError occurred: Access Denied: Invalid Token[39m
2025-09-16 10:35:48:3548 [31merror[39m: [31mError occurred: Access Denied: Invalid Token[39m
2025-09-16 10:35:48:3548 [31merror[39m: [31mError occurred: Access Denied: Invalid Token[39m
2025-09-16 10:35:48:3548 [31merror[39m: [31mError occurred: Access Denied: Invalid Token[39m
2025-09-16 10:35:48:3548 [31merror[39m: [31mError occurred: Access Denied: Invalid Token[39m
2025-09-16 10:35:48:3548 [31merror[39m: [31mError occurred: Access Denied: Invalid Token[39m
2025-09-16 10:35:48:3548 [31merror[39m: [31mError occurred: Access Denied: Invalid Token[39m
2025-09-16 17:51:51:5151 [31merror[39m: [31mError occurred: Access Denied: Invalid Token[39m
2025-09-16 17:51:51:5151 [31merror[39m: [31mError occurred: Access Denied: Invalid Token[39m
2025-09-16 17:51:51:5151 [31merror[39m: [31mError occurred: Access Denied: Invalid Token[39m
2025-09-16 17:51:51:5151 [31merror[39m: [31mError occurred: Access Denied: Invalid Token[39m
2025-09-16 17:51:51:5151 [31merror[39m: [31mError occurred: Access Denied: Invalid Token[39m
2025-09-16 17:55:36:5536 [31merror[39m: [31mError occurred: Unknown column 'booking_request_hdr_tbl.delivery_date_from' in 'where clause'[39m
2025-09-16 18:53:03:533 [31merror[39m: [31mError occurred: Access Denied: Invalid Token[39m
2025-09-16 18:53:03:533 [31merror[39m: [31mError occurred: Access Denied: Invalid Token[39m
2025-09-16 18:53:03:533 [31merror[39m: [31mError occurred: Access Denied: Invalid Token[39m
2025-09-16 18:53:03:533 [31merror[39m: [31mError occurred: Access Denied: Invalid Token[39m
2025-09-16 18:53:03:533 [31merror[39m: [31mError occurred: Access Denied: Invalid Token[39m
2025-09-17 13:35:37:3537 [31merror[39m: [31mError occurred: Access Denied: Invalid Token[39m
2025-09-17 13:35:37:3537 [31merror[39m: [31mError occurred: Access Denied: Invalid Token[39m
2025-09-17 13:35:37:3537 [31merror[39m: [31mError occurred: Access Denied: Invalid Token[39m
2025-09-17 13:35:37:3537 [31merror[39m: [31mError occurred: Access Denied: Invalid Token[39m
2025-09-17 13:35:37:3537 [31merror[39m: [31mError occurred: Access Denied: Invalid Token[39m
2025-09-17 13:39:57:3957 [31merror[39m: [31mError occurred: Access Denied: Invalid Token[39m
2025-09-17 13:39:57:3957 [31merror[39m: [31mError occurred: Access Denied: Invalid Token[39m
2025-09-17 13:39:57:3957 [31merror[39m: [31mError occurred: Access Denied: Invalid Token[39m
2025-09-17 13:39:57:3957 [31merror[39m: [31mError occurred: Access Denied: Invalid Token[39m
2025-09-17 13:39:57:3957 [31merror[39m: [31mError occurred: Access Denied: Invalid Token[39m
2025-09-17 14:54:50:5450 [31merror[39m: [31mError occurred: Access Denied: Invalid Token[39m
2025-09-17 14:54:50:5450 [31merror[39m: [31mError occurred: Access Denied: Invalid Token[39m
2025-09-17 14:54:50:5450 [31merror[39m: [31mError occurred: Access Denied: Invalid Token[39m
2025-09-17 14:54:50:5450 [31merror[39m: [31mError occurred: Access Denied: Invalid Token[39m
2025-09-17 14:54:50:5450 [31merror[39m: [31mError occurred: Access Denied: Invalid Token[39m
2025-09-17 14:54:50:5450 [31merror[39m: [31mError occurred: Access Denied: Invalid Token[39m
2025-09-17 14:54:50:5450 [31merror[39m: [31mError occurred: Access Denied: Invalid Token[39m
2025-09-17 14:54:50:5450 [31merror[39m: [31mError occurred: Access Denied: Invalid Token[39m
2025-09-17 14:54:50:5450 [31merror[39m: [31mError occurred: Access Denied: Invalid Token[39m
2025-09-17 14:54:50:5450 [31merror[39m: [31mError occurred: Access Denied: Invalid Token[39m
2025-09-17 15:05:24:524 [31merror[39m: [31mError occurred: Access Denied: Invalid Token[39m
2025-09-17 15:05:24:524 [31merror[39m: [31mError occurred: Access Denied: Invalid Token[39m
2025-09-17 15:05:24:524 [31merror[39m: [31mError occurred: Access Denied: Invalid Token[39m
2025-09-17 15:05:24:524 [31merror[39m: [31mError occurred: Access Denied: Invalid Token[39m
2025-09-17 15:05:24:524 [31merror[39m: [31mError occurred: Access Denied: Invalid Token[39m
2025-09-17 15:05:24:524 [31merror[39m: [31mError occurred: Access Denied: Invalid Token[39m
2025-09-17 15:05:24:524 [31merror[39m: [31mError occurred: Access Denied: Invalid Token[39m
2025-09-17 15:05:24:524 [31merror[39m: [31mError occurred: Access Denied: Invalid Token[39m
2025-09-17 15:05:24:524 [31merror[39m: [31mError occurred: Access Denied: Invalid Token[39m
2025-09-17 15:05:24:524 [31merror[39m: [31mError occurred: Access Denied: Invalid Token[39m
2025-09-17 15:35:39:3539 [31merror[39m: [31mError occurred: Access Denied: Invalid Token[39m
2025-09-17 17:07:17:717 [31merror[39m: [31mError occurred: Access Denied: Invalid Token[39m
2025-09-17 17:07:17:717 [31merror[39m: [31mError occurred: Access Denied: Invalid Token[39m
2025-09-17 17:07:17:717 [31merror[39m: [31mError occurred: Access Denied: Invalid Token[39m
2025-09-17 17:07:17:717 [31merror[39m: [31mError occurred: Access Denied: Invalid Token[39m
2025-09-17 17:07:17:717 [31merror[39m: [31mError occurred: Access Denied: Invalid Token[39m
2025-09-17 18:26:27:2627 [31merror[39m: [31mError occurred: Access Denied: Invalid Token[39m
2025-09-18 10:06:42:642 [31merror[39m: [31mError occurred: Access Denied: Invalid Token[39m
2025-09-18 11:24:43:2443 [31merror[39m: [31mError occurred: Access Denied: Invalid Token[39m
2025-09-18 14:37:52:3752 [31merror[39m: [31mError occurred: Access Denied: Invalid Token[39m
2025-09-18 14:37:52:3752 [31merror[39m: [31mError occurred: Access Denied: Invalid Token[39m
2025-09-18 15:38:39:3839 [31merror[39m: [31mError occurred: Access Denied: Invalid Token[39m
2025-09-18 15:38:39:3839 [31merror[39m: [31mError occurred: Access Denied: Invalid Token[39m
2025-09-18 15:38:45:3845 [31merror[39m: [31mError occurred: Access Denied: Invalid Token[39m
2025-09-18 17:04:45:445 [31merror[39m: [31mError occurred: Access Denied: Invalid Token[39m
2025-09-18 17:04:45:445 [31merror[39m: [31mError occurred: Access Denied: Invalid Token[39m
2025-09-18 17:04:45:445 [31merror[39m: [31mError occurred: Access Denied: Invalid Token[39m
2025-09-18 17:04:45:445 [31merror[39m: [31mError occurred: Access Denied: Invalid Token[39m
2025-09-18 17:04:45:445 [31merror[39m: [31mError occurred: Access Denied: Invalid Token[39m
2025-09-18 17:04:45:445 [31merror[39m: [31mError occurred: Access Denied: Invalid Token[39m
2025-09-18 17:04:45:445 [31merror[39m: [31mError occurred: Access Denied: Invalid Token[39m
2025-09-18 17:04:46:446 [31merror[39m: [31mError occurred: Access Denied: Invalid Token[39m
2025-09-18 17:04:46:446 [31merror[39m: [31mError occurred: Access Denied: Invalid Token[39m
2025-09-18 17:04:46:446 [31merror[39m: [31mError occurred: Access Denied: Invalid Token[39m
2025-09-18 17:04:46:446 [31merror[39m: [31mError occurred: Access Denied: Invalid Token[39m
2025-09-18 18:41:52:4152 [31merror[39m: [31mError occurred: Access Denied: Invalid Token[39m
2025-09-18 18:41:52:4152 [31merror[39m: [31mError occurred: Access Denied: Invalid Token[39m
2025-09-19 13:04:44:444 [31merror[39m: [31mError occurred: Access Denied: Invalid Token[39m
2025-09-19 13:04:44:444 [31merror[39m: [31mError occurred: Access Denied: Invalid Token[39m
2025-09-19 13:04:44:444 [31merror[39m: [31mError occurred: Access Denied: Invalid Token[39m
2025-09-19 13:04:44:444 [31merror[39m: [31mError occurred: Access Denied: Invalid Token[39m
2025-09-19 13:04:44:444 [31merror[39m: [31mError occurred: Access Denied: Invalid Token[39m
2025-09-19 13:04:44:444 [31merror[39m: [31mError occurred: Access Denied: Invalid Token[39m
2025-09-19 13:04:44:444 [31merror[39m: [31mError occurred: Access Denied: Invalid Token[39m
2025-09-19 14:13:52:1352 [31merror[39m: [31mError occurred: Access Denied: Invalid Token[39m
2025-09-19 14:13:52:1352 [31merror[39m: [31mError occurred: Access Denied: Invalid Token[39m
2025-09-19 14:14:20:1420 [31merror[39m: [31mError occurred: Access Denied: Invalid Token[39m
2025-09-19 14:14:27:1427 [31merror[39m: [31mError occurred: Access Denied: Invalid Token[39m
2025-09-19 14:14:27:1427 [31merror[39m: [31mError occurred: Access Denied: Invalid Token[39m
2025-09-19 14:14:27:1427 [31merror[39m: [31mError occurred: Access Denied: Invalid Token[39m
2025-09-19 14:14:27:1427 [31merror[39m: [31mError occurred: Access Denied: Invalid Token[39m
2025-09-19 15:15:08:158 [31merror[39m: [31mError occurred: Access Denied: Invalid Token[39m
2025-09-19 15:19:13:1913 [31merror[39m: [31mError occurred: Access Denied: Invalid Token[39m
2025-09-19 15:19:13:1913 [31merror[39m: [31mError occurred: Access Denied: Invalid Token[39m
2025-09-19 15:19:14:1914 [31merror[39m: [31mError occurred: Access Denied: Invalid Token[39m
2025-09-19 15:19:14:1914 [31merror[39m: [31mError occurred: Access Denied: Invalid Token[39m
2025-09-19 15:19:14:1914 [31merror[39m: [31mError occurred: Access Denied: Invalid Token[39m
2025-09-19 15:19:14:1914 [31merror[39m: [31mError occurred: Access Denied: Invalid Token[39m
2025-09-19 15:19:14:1914 [31merror[39m: [31mError occurred: Access Denied: Invalid Token[39m
2025-09-19 17:08:25:825 [31merror[39m: [31mError occurred: Access Denied: Invalid Token[39m
2025-09-19 17:08:25:825 [31merror[39m: [31mError occurred: Access Denied: Invalid Token[39m
2025-09-19 17:08:29:829 [31merror[39m: [31mError occurred: Access Denied: Invalid Token[39m
2025-09-19 17:08:29:829 [31merror[39m: [31mError occurred: Access Denied: Invalid Token[39m
2025-09-19 17:08:29:829 [31merror[39m: [31mError occurred: Access Denied: Invalid Token[39m
2025-09-19 17:08:29:829 [31merror[39m: [31mError occurred: Access Denied: Invalid Token[39m
2025-09-19 17:08:29:829 [31merror[39m: [31mError occurred: Access Denied: Invalid Token[39m
2025-09-19 17:08:29:829 [31merror[39m: [31mError occurred: Access Denied: Invalid Token[39m
2025-09-19 17:08:29:829 [31merror[39m: [31mError occurred: Access Denied: Invalid Token[39m
2025-09-19 17:34:07:347 [31merror[39m: [31mError occurred: [[39m
[31m  {[39m
[31m    "expected": "string",[39m
[31m    "code": "invalid_type",[39m
[31m    "path": [[39m
[31m      "service_type"[39m
[31m    ],[39m
[31m    "message": "Invalid input: expected string, received undefined"[39m
[31m  },[39m
[31m  {[39m
[31m    "expected": "string",[39m
[31m    "code": "invalid_type",[39m
[31m    "path": [[39m
[31m      "principal"[39m
[31m    ],[39m
[31m    "message": "Invalid input: expected string, received undefined"[39m
[31m  },[39m
[31m  {[39m
[31m    "expected": "string",[39m
[31m    "code": "invalid_type",[39m
[31m    "path": [[39m
[31m      "location_code"[39m
[31m    ],[39m
[31m    "message": "Invalid input: expected string, received undefined"[39m
[31m  },[39m
[31m  {[39m
[31m    "expected": "string",[39m
[31m    "code": "invalid_type",[39m
[31m    "path": [[39m
[31m      "delivery_date_from"[39m
[31m    ],[39m
[31m    "message": "Invalid input: expected string, received undefined"[39m
[31m  },[39m
[31m  {[39m
[31m    "expected": "string",[39m
[31m    "code": "invalid_type",[39m
[31m    "path": [[39m
[31m      "delivery_date_to"[39m
[31m    ],[39m
[31m    "message": "Invalid input: expected string, received undefined"[39m
[31m  }[39m
[31m][39m
2025-09-19 17:34:31:3431 [31merror[39m: [31mError occurred: [[39m
[31m  {[39m
[31m    "expected": "string",[39m
[31m    "code": "invalid_type",[39m
[31m    "path": [[39m
[31m      "service_type"[39m
[31m    ],[39m
[31m    "message": "Invalid input: expected string, received undefined"[39m
[31m  },[39m
[31m  {[39m
[31m    "expected": "string",[39m
[31m    "code": "invalid_type",[39m
[31m    "path": [[39m
[31m      "principal"[39m
[31m    ],[39m
[31m    "message": "Invalid input: expected string, received undefined"[39m
[31m  },[39m
[31m  {[39m
[31m    "expected": "string",[39m
[31m    "code": "invalid_type",[39m
[31m    "path": [[39m
[31m      "location_code"[39m
[31m    ],[39m
[31m    "message": "Invalid input: expected string, received undefined"[39m
[31m  },[39m
[31m  {[39m
[31m    "expected": "string",[39m
[31m    "code": "invalid_type",[39m
[31m    "path": [[39m
[31m      "delivery_date_from"[39m
[31m    ],[39m
[31m    "message": "Invalid input: expected string, received undefined"[39m
[31m  },[39m
[31m  {[39m
[31m    "expected": "string",[39m
[31m    "code": "invalid_type",[39m
[31m    "path": [[39m
[31m      "delivery_date_to"[39m
[31m    ],[39m
[31m    "message": "Invalid input: expected string, received undefined"[39m
[31m  }[39m
[31m][39m
2025-09-19 17:35:23:3523 [31merror[39m: [31mError occurred: [[39m
[31m  {[39m
[31m    "expected": "string",[39m
[31m    "code": "invalid_type",[39m
[31m    "path": [[39m
[31m      "service_type"[39m
[31m    ],[39m
[31m    "message": "Invalid input: expected string, received undefined"[39m
[31m  },[39m
[31m  {[39m
[31m    "expected": "string",[39m
[31m    "code": "invalid_type",[39m
[31m    "path": [[39m
[31m      "principal"[39m
[31m    ],[39m
[31m    "message": "Invalid input: expected string, received undefined"[39m
[31m  },[39m
[31m  {[39m
[31m    "expected": "string",[39m
[31m    "code": "invalid_type",[39m
[31m    "path": [[39m
[31m      "location_code"[39m
[31m    ],[39m
[31m    "message": "Invalid input: expected string, received undefined"[39m
[31m  },[39m
[31m  {[39m
[31m    "expected": "string",[39m
[31m    "code": "invalid_type",[39m
[31m    "path": [[39m
[31m      "delivery_date_from"[39m
[31m    ],[39m
[31m    "message": "Invalid input: expected string, received undefined"[39m
[31m  },[39m
[31m  {[39m
[31m    "expected": "string",[39m
[31m    "code": "invalid_type",[39m
[31m    "path": [[39m
[31m      "delivery_date_to"[39m
[31m    ],[39m
[31m    "message": "Invalid input: expected string, received undefined"[39m
[31m  }[39m
[31m][39m
2025-09-19 18:11:52:1152 [31merror[39m: [31mError occurred: Access Denied: Invalid Token[39m
2025-09-19 18:13:03:133 [31merror[39m: [31mError occurred: Access Denied: Invalid Token[39m
2025-09-19 18:13:15:1315 [31merror[39m: [31mError occurred: Access Denied: Invalid Token[39m
2025-09-19 18:15:29:1529 [31merror[39m: [31mError occurred: Access Denied: Invalid Token[39m
2025-09-19 18:15:29:1529 [31merror[39m: [31mError occurred: Access Denied: Invalid Token[39m
2025-09-19 18:15:29:1529 [31merror[39m: [31mError occurred: Access Denied: Invalid Token[39m
2025-09-19 18:15:29:1529 [31merror[39m: [31mError occurred: Access Denied: Invalid Token[39m
2025-09-19 18:15:29:1529 [31merror[39m: [31mError occurred: Access Denied: Invalid Token[39m
2025-09-19 18:15:29:1529 [31merror[39m: [31mError occurred: Access Denied: Invalid Token[39m
2025-09-19 18:15:29:1529 [31merror[39m: [31mError occurred: Access Denied: Invalid Token[39m
2025-09-19 18:52:38:5238 [31merror[39m: [31mError occurred: Unexpected token 'o', "[object Seq"... is not valid JSON[39m
2025-09-19 18:54:38:5438 [31merror[39m: [31mError occurred: Unexpected token 'o', "[object Seq"... is not valid JSON[39m
2025-09-19 18:55:07:557 [31merror[39m: [31mError occurred: Unexpected token 'o', "[object Seq"... is not valid JSON[39m
2025-09-19 18:55:42:5542 [31merror[39m: [31mError occurred: Unexpected token 'o', "[object Seq"... is not valid JSON[39m
2025-09-22 11:12:11:1211 [31merror[39m: [31mError occurred: Access Denied: Invalid Token[39m
2025-09-23 13:50:08:508 [31merror[39m: [31mError occurred: Access Denied: Invalid Token[39m
2025-09-23 14:04:30:430 [31merror[39m: [31mError occurred: Barcode is already assigned[39m
2025-09-23 14:04:41:441 [31merror[39m: [31mError occurred: Barcode is already assigned[39m
2025-09-23 14:05:21:521 [31merror[39m: [31mError occurred: Barcode is already assigned[39m
2025-09-23 14:05:25:525 [31merror[39m: [31mError occurred: Barcode is already assigned[39m
2025-09-23 14:05:33:533 [31merror[39m: [31mError occurred: Barcode is already assigned[39m
2025-09-23 14:05:39:539 [31merror[39m: [31mError occurred: Barcode is already assigned[39m
2025-09-23 14:06:30:630 [31merror[39m: [31mError occurred: Barcode is already assigned[39m
2025-09-23 14:58:17:5817 [31merror[39m: [31mError occurred: Access Denied: Invalid Token[39m
2025-09-23 15:08:21:821 [31merror[39m: [31mError occurred: Access Denied: Invalid Token[39m
2025-09-23 15:08:21:821 [31merror[39m: [31mError occurred: Access Denied: Invalid Token[39m
2025-09-23 15:50:32:5032 [31merror[39m: [31mError occurred: The client is closed[39m
2025-09-23 16:12:18:1218 [31merror[39m: [31mError occurred: Access Denied: Invalid Token[39m
2025-09-23 16:12:18:1218 [31merror[39m: [31mError occurred: Access Denied: Invalid Token[39m
2025-09-23 18:58:57:5857 [31merror[39m: [31mError occurred: Invalid Barcode[39m
